[uWSGI] getting INI configuration from /home/alu5899/webapps/vm/uwsgi.ini
*** Starting uWSGI 2.0.15 (64bit) on [Fri Dec 15 11:49:24 2017] ***
compiled with version: 5.4.0 20160609 on 16 October 2017 12:53:33
os: Linux-4.4.0-93-generic #116-Ubuntu SMP Fri Aug 11 21:17:51 UTC 2017
nodename: cloud
machine: x86_64
clock source: unix
detected number of CPU cores: 1
current working directory: /
detected binary path: /home/alu5899/.virtualenvs/vm/bin/uwsgi
!!! no internal routing support, rebuild with pcre support !!!
chdir() to /home/alu5899/webapps/vm
your processes number limit is 1897
your memory page size is 4096 bytes
detected max file descriptor number: 1024
lock engine: pthread robust mutexes
thunder lock: disabled (you can enable it with --thunder-lock)
uwsgi socket 0 bound to UNIX address /tmp/vm.sock fd 3
Python version: 3.6.3 (default, Oct  6 2017, 08:44:35)  [GCC 5.4.0 20160609]
*** Python threads support is disabled. You can enable it with --enable-threads ***
Python main interpreter initialized at 0x20f3ef0
your server socket listen backlog is limited to 100 connections
your mercy for graceful operations on workers is 60 seconds
mapped 145520 bytes (142 KB) for 1 cores
*** Operational MODE: single process ***
WSGI app 0 (mountpoint='') ready in 1 seconds on interpreter 0x20f3ef0 pid: 14048 (default app)
*** uWSGI is running in multiple interpreter mode ***
spawned uWSGI master process (pid: 14048)
spawned uWSGI worker 1 (pid: 14050, cores: 1)
[pid: 14050|app: 0|req: 1/1] 81.32.13.218 () {44 vars in 719 bytes} [Fri Dec 15 11:50:08 2017] GET / => generated 948 bytes in 38 msecs (HTTP/1.1 200) 2 headers in 80 bytes (1 switches on core 0)
[pid: 14050|app: 0|req: 2/2] 81.32.13.218 () {48 vars in 821 bytes} [Fri Dec 15 11:50:08 2017] GET /static/style.css => generated 0 bytes in 11 msecs (HTTP/1.1 304) 5 headers in 210 bytes (0 switches on core 0)
[pid: 14050|app: 0|req: 3/3] 81.32.13.218 () {44 vars in 719 bytes} [Fri Dec 15 11:50:11 2017] GET / => generated 948 bytes in 1 msecs (HTTP/1.1 200) 2 headers in 80 bytes (1 switches on core 0)
[pid: 14050|app: 0|req: 4/4] 81.32.13.218 () {48 vars in 821 bytes} [Fri Dec 15 11:50:11 2017] GET /static/style.css => generated 0 bytes in 1 msecs (HTTP/1.1 304) 5 headers in 210 bytes (0 switches on core 0)
[pid: 14050|app: 0|req: 5/5] 81.32.13.218 () {40 vars in 642 bytes} [Fri Dec 15 11:50:37 2017] GET / => generated 948 bytes in 1 msecs (HTTP/1.1 200) 2 headers in 80 bytes (1 switches on core 0)
[pid: 14050|app: 0|req: 6/6] 81.32.13.218 () {40 vars in 631 bytes} [Fri Dec 15 11:50:37 2017] GET /static/style.css => generated 1530 bytes in 2 msecs via sendfile() (HTTP/1.1 200) 8 headers in 307 bytes (0 switches on core 0)
[pid: 14050|app: 0|req: 7/7] 81.32.13.218 () {38 vars in 629 bytes} [Fri Dec 15 11:50:37 2017] GET /favicon.ico => generated 233 bytes in 24 msecs (HTTP/1.1 404) 2 headers in 72 bytes (1 switches on core 0)
[pid: 14050|app: 0|req: 8/8] 81.32.13.218 () {44 vars in 718 bytes} [Fri Dec 15 12:14:28 2017] GET / => generated 948 bytes in 2 msecs (HTTP/1.1 200) 2 headers in 80 bytes (1 switches on core 0)
[pid: 14050|app: 0|req: 9/9] 81.32.13.218 () {48 vars in 820 bytes} [Fri Dec 15 12:14:28 2017] GET /static/style.css => generated 0 bytes in 2 msecs (HTTP/1.1 304) 5 headers in 210 bytes (0 switches on core 0)
[pid: 14050|app: 0|req: 10/10] 81.32.13.218 () {44 vars in 695 bytes} [Fri Dec 15 12:28:08 2017] GET / => generated 948 bytes in 1 msecs (HTTP/1.1 200) 2 headers in 80 bytes (1 switches on core 0)
[pid: 14050|app: 0|req: 11/11] 81.32.13.218 () {44 vars in 684 bytes} [Fri Dec 15 12:28:08 2017] GET /static/style.css => generated 1530 bytes in 2 msecs via sendfile() (HTTP/1.1 200) 8 headers in 307 bytes (0 switches on core 0)
[uWSGI] getting INI configuration from /home/alu5899/webapps/vm/uwsgi.ini
*** Starting uWSGI 2.0.15 (64bit) on [Fri Dec 15 12:29:36 2017] ***
compiled with version: 5.4.0 20160609 on 16 October 2017 12:53:33
os: Linux-4.4.0-93-generic #116-Ubuntu SMP Fri Aug 11 21:17:51 UTC 2017
nodename: cloud
machine: x86_64
clock source: unix
detected number of CPU cores: 1
current working directory: /
detected binary path: /home/alu5899/.virtualenvs/vm/bin/uwsgi
!!! no internal routing support, rebuild with pcre support !!!
chdir() to /home/alu5899/webapps/vm
your processes number limit is 1897
your memory page size is 4096 bytes
detected max file descriptor number: 1024
lock engine: pthread robust mutexes
thunder lock: disabled (you can enable it with --thunder-lock)
uwsgi socket 0 bound to UNIX address /tmp/vm.sock fd 3
Python version: 3.6.3 (default, Oct  6 2017, 08:44:35)  [GCC 5.4.0 20160609]
*** Python threads support is disabled. You can enable it with --enable-threads ***
Python main interpreter initialized at 0x1e11ef0
your server socket listen backlog is limited to 100 connections
your mercy for graceful operations on workers is 60 seconds
mapped 145520 bytes (142 KB) for 1 cores
*** Operational MODE: single process ***
WSGI app 0 (mountpoint='') ready in 1 seconds on interpreter 0x1e11ef0 pid: 14602 (default app)
*** uWSGI is running in multiple interpreter mode ***
spawned uWSGI master process (pid: 14602)
spawned uWSGI worker 1 (pid: 14604, cores: 1)
